# Read in 1934 genbank sequences.
Quantiles of the GC contents in the training set:
0%	0.292
5%	0.381	10%	0.4
15%	0.409	20%	0.418
25%	0.424	30%	0.429
35%	0.434	40%	0.439
45%	0.443	50%	0.449
55%	0.454	60%	0.459
65%	0.465	70%	0.471
75%	0.48	80%	0.49
85%	0.501	90%	0.515
95%	0.538	100%	0.712
HMM-training the parameters...
i= 0 bc= (0.237, 0.263, 0.263, 0.237)
 ** building model for exons *EXON*
start codon frequencies: ATG(1934)
# admissible start codons and their probabilities: ATG(1), CTG(0), TTG(0)
 number of bases in the reading frames: 865540 867453 867456
--- frame = 0 ---    minPatSum = 233
--- frame = 1 ---    minPatSum = 233
--- frame = 2 ---    minPatSum = 233
--- initial frame = 0 ---    minPatSum = 233
--- initial frame = 1 ---    minPatSum = 233
--- initial frame = 2 ---    minPatSum = 233
--- internal exon terminal frame = 0 ---    minPatSum = 233
--- internal exon terminal frame = 1 ---    minPatSum = 233
--- internal exon terminal frame = 2 ---    minPatSum = 233
single, initial, internal, terminal mean exon lengths :
770	249	185	284
single exon : 73
initial exon 0 : 936
initial exon 1 : 483
initial exon 2 : 442
internal exon 0 : 5226
internal exon 1 : 1688
internal exon 2 : 1761
terminal exon : 1861
Frequency of stop codons:
tag:  675 (0.349)
taa:  457 (0.236)
tga:  802 (0.415)
end *EXON*
Storing parameters to file...
Writing exon model parameters [1] to file /opt/Augustus/config/species/calle_chr3/calle_chr3_exon_probs.pbl.
