# Read in 2362 genbank sequences.
Quantiles of the GC contents in the training set:
0%	0.292
5%	0.383	10%	0.4
15%	0.41	20%	0.418
25%	0.424	30%	0.43
35%	0.435	40%	0.439
45%	0.444	50%	0.45
55%	0.454	60%	0.46
65%	0.466	70%	0.474
75%	0.482	80%	0.492
85%	0.503	90%	0.517
95%	0.541	100%	0.712
HMM-training the parameters...
i= 0 bc= (0.237, 0.263, 0.263, 0.237)
 ** building model for exons *EXON*
start codon frequencies: ATG(2362)
# admissible start codons and their probabilities: ATG(1), CTG(0), TTG(0)
 number of bases in the reading frames: 1071964 1074303 1074307
--- frame = 0 ---    minPatSum = 233
--- frame = 1 ---    minPatSum = 233
--- frame = 2 ---    minPatSum = 233
--- initial frame = 0 ---    minPatSum = 233
--- initial frame = 1 ---    minPatSum = 233
--- initial frame = 2 ---    minPatSum = 233
--- internal exon terminal frame = 0 ---    minPatSum = 233
--- internal exon terminal frame = 1 ---    minPatSum = 233
--- internal exon terminal frame = 2 ---    minPatSum = 233
single, initial, internal, terminal mean exon lengths :
803	253	187	294
single exon : 90
initial exon 0 : 1152
initial exon 1 : 579
initial exon 2 : 541
internal exon 0 : 6315
internal exon 1 : 2052
internal exon 2 : 2148
terminal exon : 2272
Frequency of stop codons:
tag:  827 (0.35)
taa:  556 (0.235)
tga:  979 (0.414)
end *EXON*
Storing parameters to file...
Writing exon model parameters [1] to file /opt/Augustus/config/species/calle_chr3/calle_chr3_exon_probs.pbl.
