Splitting training file into 8 buckets...
Reading in the meta parameters used for optimization from /opt/Augustus/config/species/generic/generic_metapars.cfg...
Reading in the starting meta parameters from /opt/Augustus/config/species/calle_chr3/calle_chr3_parameters.cfg...
bucket 6 2 5 7 4 8 1 3 
starting accuracy: 0.8835, 0.8756, 0.5110, 0.5056, 0.1201, 0.1004, -1.00, -1.00, starting target: 0.5918
improving parameter /Constant/dss_end curently set to 4
1-4
/Constant/dss_end: checking values 1	2	3	4
bucket 6 2 7 1 5 8 4 3 
bucket 2 6 5 7 8 4 1 3 
bucket 6 7 5 2 4 8 1 3 
found improvement: 0.8900, 0.8776, 0.5339, 0.5239, 0.1236, 0.1068, -1.00, -1.00, optimal target: 0.6023
changing /Constant/dss_end to 3
/Constant/dss_end	3
/Constant/dss_start	3
/Constant/ass_start	3
/Constant/ass_end	2
/Constant/ass_upwindow_size	30
/IntronModel/d	100
/IntronModel/ass_motif_memory	3
/IntronModel/ass_motif_radius	3
/ExonModel/tis_motif_memory	3
/ExonModel/tis_motif_radius	2
/Constant/trans_init_window	20
/Constant/init_coding_len	15
/ExonModel/patpseudocount	5.0
/ExonModel/etpseudocount	3
/ExonModel/etorder	2
/Constant/intterm_coding_len	5
/ExonModel/slope_of_bandwidth	0.3
/ExonModel/minwindowcount	10
/IGenicModel/patpseudocount	5.0
/IntronModel/patpseudocount	5.0
/IntronModel/slope_of_bandwidth	0.4
/IntronModel/minwindowcount	4
/IntronModel/asspseudocount	0.00266
/IntronModel/dsspseudocount	0.0005
/IntronModel/dssneighborfactor	0.00173
/ExonModel/minPatSum	233.3
/Constant/probNinCoding	0.23
/Constant/decomp_num_steps	1
Writing new parameters to /opt/Augustus/config/species/calle_chr3/calle_chr3_parameters.cfg...
retrieve accuracy from previous computation
values  1	2	3	4
targets 0.5759	0.5856	0.6023	0.5918
/Constant/dss_end: checking values 3
retrieve accuracy from previous computation
values  3
targets 0.6023
improving parameter /Constant/dss_start curently set to 3
1-3
/Constant/dss_start: checking values 1	2	3
bucket 6 2 8 4 7 1 5 3 
bucket 6 7 5 2 8 4 1 3 
retrieve accuracy from previous computation
values  1	2	3
targets 0.5932	0.5997	0.6023
improving parameter /Constant/ass_start curently set to 3
1-3
/Constant/ass_start: checking values 1	2	3
bucket 6 2 4 5 7 8 1 3 
bucket 6 2 4 7 5 1 8 3 
retrieve accuracy from previous computation
values  1	2	3
targets 0.5898	0.5934	0.6023
improving parameter /Constant/ass_end curently set to 2
0-4
/Constant/ass_end: checking values 0	1	2	3	4
bucket 6 4 2 1 5 7 8 3 
bucket 6 2 8 7 5 4 1 3 
retrieve accuracy from previous computation
bucket 6 2 7 8 5 4 1 3 
bucket 2 5 6 8 7 4 1 3 
values  0	1	2	3	4
targets 0.5844	0.5975	0.6023	0.5868	0.5553
improving parameter /Constant/ass_upwindow_size curently set to 30
1-50
/Constant/ass_upwindow_size: checking values 1	13	25	37	50
bucket 6 8 7 2 5 4 1 3 
bucket 7 8 1 6 2 4 5 3 
found improvement: 0.9070, 0.8794, 0.5530, 0.5351, 0.1101, 0.0930, -1.00, -1.00, optimal target: 0.6085
changing /Constant/ass_upwindow_size to 13
/Constant/dss_end	3
/Constant/dss_start	3
/Constant/ass_start	3
/Constant/ass_end	2
/Constant/ass_upwindow_size	13
/IntronModel/d	100
/IntronModel/ass_motif_memory	3
/IntronModel/ass_motif_radius	3
/ExonModel/tis_motif_memory	3
/ExonModel/tis_motif_radius	2
/Constant/trans_init_window	20
/Constant/init_coding_len	15
/ExonModel/patpseudocount	5.0
/ExonModel/etpseudocount	3
/ExonModel/etorder	2
/Constant/intterm_coding_len	5
/ExonModel/slope_of_bandwidth	0.3
/ExonModel/minwindowcount	10
/IGenicModel/patpseudocount	5.0
/IntronModel/patpseudocount	5.0
/IntronModel/slope_of_bandwidth	0.4
/IntronModel/minwindowcount	4
/IntronModel/asspseudocount	0.00266
/IntronModel/dsspseudocount	0.0005
/IntronModel/dssneighborfactor	0.00173
/ExonModel/minPatSum	233.3
/Constant/probNinCoding	0.23
/Constant/decomp_num_steps	1
Writing new parameters to /opt/Augustus/config/species/calle_chr3/calle_chr3_parameters.cfg...
bucket 6 2 5 8 7 4 1 3 
bucket 2 6 8 4 7 5 1 3 
bucket 6 2 7 4 8 5 1 3 
values  1	13	25	37	50
targets 0.5713	0.6085	0.5989	0.6006	0.5973
/Constant/ass_upwindow_size: checking values 2	7	13	19	25
bucket 6 2 8 5 7 4 1 3 
bucket 6 2 5 8 7 4 1 3 
retrieve accuracy from previous computation
bucket 6 2 4 7 5 8 1 3 
retrieve accuracy from previous computation
values  2	7	13	19	25
targets 0.5770	0.5952	0.6085	0.6041	0.5989
improving parameter /IntronModel/d curently set to 100
100-950
/IntronModel/d: checking values 100	312	525	737	950
retrieve accuracy from previous computation
bucket 5 4 6 8 2 1 7 3 
found improvement: 0.9011, 0.8889, 0.5514, 0.5587, 0.1236, 0.1086, -1.00, -1.00, optimal target: 0.6163
changing /IntronModel/d to 312
/Constant/dss_end	3
/Constant/dss_start	3
/Constant/ass_start	3
/Constant/ass_end	2
/Constant/ass_upwindow_size	13
/IntronModel/d	312
/IntronModel/ass_motif_memory	3
/IntronModel/ass_motif_radius	3
/ExonModel/tis_motif_memory	3
/ExonModel/tis_motif_radius	2
/Constant/trans_init_window	20
/Constant/init_coding_len	15
/ExonModel/patpseudocount	5.0
/ExonModel/etpseudocount	3
/ExonModel/etorder	2
/Constant/intterm_coding_len	5
/ExonModel/slope_of_bandwidth	0.3
/ExonModel/minwindowcount	10
/IGenicModel/patpseudocount	5.0
/IntronModel/patpseudocount	5.0
/IntronModel/slope_of_bandwidth	0.4
/IntronModel/minwindowcount	4
/IntronModel/asspseudocount	0.00266
/IntronModel/dsspseudocount	0.0005
/IntronModel/dssneighborfactor	0.00173
/ExonModel/minPatSum	233.3
/Constant/probNinCoding	0.23
/Constant/decomp_num_steps	1
Writing new parameters to /opt/Augustus/config/species/calle_chr3/calle_chr3_parameters.cfg...
bucket 2 6 7 4 8 5 1 3 
found improvement: 0.9034, 0.8901, 0.5604, 0.5609, 0.1169, 0.1036, -1.00, -1.00, optimal target: 0.6179
changing /IntronModel/d to 525
/Constant/dss_end	3
/Constant/dss_start	3
/Constant/ass_start	3
/Constant/ass_end	2
/Constant/ass_upwindow_size	13
/IntronModel/d	525
/IntronModel/ass_motif_memory	3
/IntronModel/ass_motif_radius	3
/ExonModel/tis_motif_memory	3
/ExonModel/tis_motif_radius	2
/Constant/trans_init_window	20
/Constant/init_coding_len	15
/ExonModel/patpseudocount	5.0
/ExonModel/etpseudocount	3
/ExonModel/etorder	2
/Constant/intterm_coding_len	5
/ExonModel/slope_of_bandwidth	0.3
/ExonModel/minwindowcount	10
/IGenicModel/patpseudocount	5.0
/IntronModel/patpseudocount	5.0
/IntronModel/slope_of_bandwidth	0.4
/IntronModel/minwindowcount	4
/IntronModel/asspseudocount	0.00266
/IntronModel/dsspseudocount	0.0005
/IntronModel/dssneighborfactor	0.00173
/ExonModel/minPatSum	233.3
/Constant/probNinCoding	0.23
/Constant/decomp_num_steps	1
Writing new parameters to /opt/Augustus/config/species/calle_chr3/calle_chr3_parameters.cfg...
bucket 6 2 7 4 8 5 1 3 
found improvement: 0.9060, 0.8904, 0.5653, 0.5623, 0.1169, 0.1050, -1.00, -1.00, optimal target: 0.6197
changing /IntronModel/d to 737
/Constant/dss_end	3
/Constant/dss_start	3
/Constant/ass_start	3
/Constant/ass_end	2
/Constant/ass_upwindow_size	13
/IntronModel/d	737
/IntronModel/ass_motif_memory	3
/IntronModel/ass_motif_radius	3
/ExonModel/tis_motif_memory	3
/ExonModel/tis_motif_radius	2
/Constant/trans_init_window	20
/Constant/init_coding_len	15
/ExonModel/patpseudocount	5.0
/ExonModel/etpseudocount	3
/ExonModel/etorder	2
/Constant/intterm_coding_len	5
/ExonModel/slope_of_bandwidth	0.3
/ExonModel/minwindowcount	10
/IGenicModel/patpseudocount	5.0
/IntronModel/patpseudocount	5.0
/IntronModel/slope_of_bandwidth	0.4
/IntronModel/minwindowcount	4
/IntronModel/asspseudocount	0.00266
/IntronModel/dsspseudocount	0.0005
/IntronModel/dssneighborfactor	0.00173
/ExonModel/minPatSum	233.3
/Constant/probNinCoding	0.23
/Constant/decomp_num_steps	1
Writing new parameters to /opt/Augustus/config/species/calle_chr3/calle_chr3_parameters.cfg...
bucket 2 6 7 8 1 4 5 3 
found improvement: 0.9078, 0.8897, 0.5710, 0.5645, 0.1203, 0.1066, -1.00, -1.00, optimal target: 0.6220
changing /IntronModel/d to 950
/Constant/dss_end	3
/Constant/dss_start	3
/Constant/ass_start	3
/Constant/ass_end	2
/Constant/ass_upwindow_size	13
/IntronModel/d	950
/IntronModel/ass_motif_memory	3
/IntronModel/ass_motif_radius	3
/ExonModel/tis_motif_memory	3
/ExonModel/tis_motif_radius	2
/Constant/trans_init_window	20
/Constant/init_coding_len	15
/ExonModel/patpseudocount	5.0
/ExonModel/etpseudocount	3
/ExonModel/etorder	2
/Constant/intterm_coding_len	5
/ExonModel/slope_of_bandwidth	0.3
/ExonModel/minwindowcount	10
/IGenicModel/patpseudocount	5.0
/IntronModel/patpseudocount	5.0
/IntronModel/slope_of_bandwidth	0.4
/IntronModel/minwindowcount	4
/IntronModel/asspseudocount	0.00266
/IntronModel/dsspseudocount	0.0005
/IntronModel/dssneighborfactor	0.00173
/ExonModel/minPatSum	233.3
/Constant/probNinCoding	0.23
/Constant/decomp_num_steps	1
Writing new parameters to /opt/Augustus/config/species/calle_chr3/calle_chr3_parameters.cfg...
values  100	312	525	737	950
targets 0.6085	0.6163	0.6179	0.6197	0.6220
/IntronModel/d: checking values 738	791	844	897	950
bucket 6 2 8 7 5 4 1 3 
bucket 6 2 8 7 4 5 1 3 
bucket 6 2 7 4 8 5 1 3 
bucket 6 2 7 8 4 5 1 3 
retrieve accuracy from previous computation
values  738	791	844	897	950
targets 0.6197	0.6211	0.6209	0.6213	0.6220
improving parameter /IntronModel/ass_motif_memory curently set to 3
0-3
/IntronModel/ass_motif_memory: checking values 0	1	2	3
bucket 2 6 7 8 1 4 5 3 
bucket 5 2 6 1 8 7 3 4 
bucket 6 2 5 8 7 4 1 3 
retrieve accuracy from previous computation
values  0	1	2	3
targets 0.6111	0.6146	0.6189	0.6220
improving parameter /IntronModel/ass_motif_radius curently set to 3
0-4
/IntronModel/ass_motif_radius: checking values 0	1	2	3	4
bucket 6 2 7 4 8 5 1 3 
bucket 6 2 5 8 4 7 1 3 
bucket 6 2 8 7 5 4 1 3 
retrieve accuracy from previous computation
bucket 6 2 8 7 5 4 1 3 
values  0	1	2	3	4
targets 0.6090	0.6201	0.6167	0.6220	0.6207
improving parameter /ExonModel/tis_motif_memory curently set to 3
0-3
/ExonModel/tis_motif_memory: checking values 0	1	2	3
bucket 2 6 7 4 8 5 1 3 
found improvement: 0.9130, 0.8916, 0.5734, 0.5639, 0.1336, 0.1206, -1.00, -1.00, optimal target: 0.6261
changing /ExonModel/tis_motif_memory to 0
/Constant/dss_end	3
/Constant/dss_start	3
/Constant/ass_start	3
/Constant/ass_end	2
/Constant/ass_upwindow_size	13
/IntronModel/d	950
/IntronModel/ass_motif_memory	3
/IntronModel/ass_motif_radius	3
/ExonModel/tis_motif_memory	0
/ExonModel/tis_motif_radius	2
/Constant/trans_init_window	20
/Constant/init_coding_len	15
/ExonModel/patpseudocount	5.0
/ExonModel/etpseudocount	3
/ExonModel/etorder	2
/Constant/intterm_coding_len	5
/ExonModel/slope_of_bandwidth	0.3
/ExonModel/minwindowcount	10
/IGenicModel/patpseudocount	5.0
/IntronModel/patpseudocount	5.0
/IntronModel/slope_of_bandwidth	0.4
/IntronModel/minwindowcount	4
/IntronModel/asspseudocount	0.00266
/IntronModel/dsspseudocount	0.0005
/IntronModel/dssneighborfactor	0.00173
/ExonModel/minPatSum	233.3
/Constant/probNinCoding	0.23
/Constant/decomp_num_steps	1
Writing new parameters to /opt/Augustus/config/species/calle_chr3/calle_chr3_parameters.cfg...
bucket 6 2 7 8 5 4 1 3 
bucket 6 2 4 5 8 7 1 3 
retrieve accuracy from previous computation
values  0	1	2	3
targets 0.6261	0.6250	0.6207	0.6220
improving parameter /ExonModel/tis_motif_radius curently set to 2
0-3
/ExonModel/tis_motif_radius: checking values 0	1	2	3
bucket 6 8 4 2 5 1 7 3 
bucket 6 2 5 7 4 8 1 3 
found improvement: 0.9130, 0.8928, 0.5756, 0.5661, 0.1336, 0.1212, -1.00, -1.00, optimal target: 0.6273
changing /ExonModel/tis_motif_radius to 1
/Constant/dss_end	3
/Constant/dss_start	3
/Constant/ass_start	3
/Constant/ass_end	2
/Constant/ass_upwindow_size	13
/IntronModel/d	950
/IntronModel/ass_motif_memory	3
/IntronModel/ass_motif_radius	3
/ExonModel/tis_motif_memory	0
/ExonModel/tis_motif_radius	1
/Constant/trans_init_window	20
/Constant/init_coding_len	15
/ExonModel/patpseudocount	5.0
/ExonModel/etpseudocount	3
/ExonModel/etorder	2
/Constant/intterm_coding_len	5
/ExonModel/slope_of_bandwidth	0.3
/ExonModel/minwindowcount	10
/IGenicModel/patpseudocount	5.0
/IntronModel/patpseudocount	5.0
/IntronModel/slope_of_bandwidth	0.4
/IntronModel/minwindowcount	4
/IntronModel/asspseudocount	0.00266
/IntronModel/dsspseudocount	0.0005
/IntronModel/dssneighborfactor	0.00173
/ExonModel/minPatSum	233.3
/Constant/probNinCoding	0.23
/Constant/decomp_num_steps	1
Writing new parameters to /opt/Augustus/config/species/calle_chr3/calle_chr3_parameters.cfg...
retrieve accuracy from previous computation
bucket 6 4 5 2 7 8 1 3 
values  0	1	2	3
targets 0.6221	0.6273	0.6261	0.6238
/ExonModel/tis_motif_radius: checking values 1
retrieve accuracy from previous computation
values  1
targets 0.6273
improving parameter /Constant/trans_init_window curently set to 20
0-25
/Constant/trans_init_window: checking values 0	6	12	18	25
bucket 6 2 5 4 8 7 1 3 
bucket 6 5 4 2 8 1 7 3 
bucket 6 2 7 8 5 4 1 3 
found improvement: 0.9130, 0.8941, 0.5750, 0.5694, 0.1336, 0.1202, -1.00, -1.00, optimal target: 0.6279
changing /Constant/trans_init_window to 12
/Constant/dss_end	3
/Constant/dss_start	3
/Constant/ass_start	3
/Constant/ass_end	2
/Constant/ass_upwindow_size	13
/IntronModel/d	950
/IntronModel/ass_motif_memory	3
/IntronModel/ass_motif_radius	3
/ExonModel/tis_motif_memory	0
/ExonModel/tis_motif_radius	1
/Constant/trans_init_window	12
/Constant/init_coding_len	15
/ExonModel/patpseudocount	5.0
/ExonModel/etpseudocount	3
/ExonModel/etorder	2
/Constant/intterm_coding_len	5
/ExonModel/slope_of_bandwidth	0.3
/ExonModel/minwindowcount	10
/IGenicModel/patpseudocount	5.0
/IntronModel/patpseudocount	5.0
/IntronModel/slope_of_bandwidth	0.4
/IntronModel/minwindowcount	4
/IntronModel/asspseudocount	0.00266
/IntronModel/dsspseudocount	0.0005
/IntronModel/dssneighborfactor	0.00173
/ExonModel/minPatSum	233.3
/Constant/probNinCoding	0.23
/Constant/decomp_num_steps	1
Writing new parameters to /opt/Augustus/config/species/calle_chr3/calle_chr3_parameters.cfg...
bucket 6 2 7 4 8 5 1 3 
bucket 6 2 8 7 5 4 1 3 
values  0	6	12	18	25
targets 0.6154	0.6260	0.6279	0.6247	0.6213
/Constant/trans_init_window: checking values 6	9	12	15	18
retrieve accuracy from previous computation
bucket 8 1 6 3 2 7 4 5 
found improvement: 0.9154, 0.8937, 0.5740, 0.5671, 0.1438, 0.1288, -1.00, -1.00, optimal target: 0.6294
changing /Constant/trans_init_window to 9
/Constant/dss_end	3
/Constant/dss_start	3
/Constant/ass_start	3
/Constant/ass_end	2
/Constant/ass_upwindow_size	13
/IntronModel/d	950
/IntronModel/ass_motif_memory	3
/IntronModel/ass_motif_radius	3
/ExonModel/tis_motif_memory	0
/ExonModel/tis_motif_radius	1
/Constant/trans_init_window	9
/Constant/init_coding_len	15
/ExonModel/patpseudocount	5.0
/ExonModel/etpseudocount	3
/ExonModel/etorder	2
/Constant/intterm_coding_len	5
/ExonModel/slope_of_bandwidth	0.3
/ExonModel/minwindowcount	10
/IGenicModel/patpseudocount	5.0
/IntronModel/patpseudocount	5.0
/IntronModel/slope_of_bandwidth	0.4
/IntronModel/minwindowcount	4
/IntronModel/asspseudocount	0.00266
/IntronModel/dsspseudocount	0.0005
/IntronModel/dssneighborfactor	0.00173
/ExonModel/minPatSum	233.3
/Constant/probNinCoding	0.23
/Constant/decomp_num_steps	1
Writing new parameters to /opt/Augustus/config/species/calle_chr3/calle_chr3_parameters.cfg...
retrieve accuracy from previous computation
bucket 2 6 7 8 1 4 5 3 
retrieve accuracy from previous computation
values  6	9	12	15	18
targets 0.6260	0.6294	0.6279	0.6283	0.6247
/Constant/trans_init_window: checking values 7	8	9	10	12
bucket 6 2 7 8 5 4 1 3 
bucket 6 2 8 7 4 5 1 3 
retrieve accuracy from previous computation
bucket 6 5 2 7 8 1 4 3 
found improvement: 0.9133, 0.8935, 0.5746, 0.5694, 0.1437, 0.1288, -1.00, -1.00, optimal target: 0.6296
changing /Constant/trans_init_window to 10
/Constant/dss_end	3
/Constant/dss_start	3
/Constant/ass_start	3
/Constant/ass_end	2
/Constant/ass_upwindow_size	13
/IntronModel/d	950
/IntronModel/ass_motif_memory	3
/IntronModel/ass_motif_radius	3
/ExonModel/tis_motif_memory	0
/ExonModel/tis_motif_radius	1
/Constant/trans_init_window	10
/Constant/init_coding_len	15
/ExonModel/patpseudocount	5.0
/ExonModel/etpseudocount	3
/ExonModel/etorder	2
/Constant/intterm_coding_len	5
/ExonModel/slope_of_bandwidth	0.3
/ExonModel/minwindowcount	10
/IGenicModel/patpseudocount	5.0
/IntronModel/patpseudocount	5.0
/IntronModel/slope_of_bandwidth	0.4
/IntronModel/minwindowcount	4
/IntronModel/asspseudocount	0.00266
/IntronModel/dsspseudocount	0.0005
/IntronModel/dssneighborfactor	0.00173
/ExonModel/minPatSum	233.3
/Constant/probNinCoding	0.23
/Constant/decomp_num_steps	1
Writing new parameters to /opt/Augustus/config/species/calle_chr3/calle_chr3_parameters.cfg...
retrieve accuracy from previous computation
values  7	8	9	10	12
targets 0.6266	0.6271	0.6294	0.6296	0.6279
/Constant/trans_init_window: checking values 9	10	11
retrieve accuracy from previous computation
retrieve accuracy from previous computation
bucket 6 2 7 8 5 4 1 3 
values  9	10	11
targets 0.6294	0.6296	0.6269
improving parameter /Constant/init_coding_len curently set to 15
0-18
/Constant/init_coding_len: checking values 0	4	9	13	18
bucket 2 6 8 4 7 5 1 3 
found improvement: 0.9143, 0.8926, 0.5775, 0.5697, 0.1437, 0.1280, -1.00, -1.00, optimal target: 0.6302
changing /Constant/init_coding_len to 0
/Constant/dss_end	3
/Constant/dss_start	3
/Constant/ass_start	3
/Constant/ass_end	2
/Constant/ass_upwindow_size	13
/IntronModel/d	950
/IntronModel/ass_motif_memory	3
/IntronModel/ass_motif_radius	3
/ExonModel/tis_motif_memory	0
/ExonModel/tis_motif_radius	1
/Constant/trans_init_window	10
/Constant/init_coding_len	0
/ExonModel/patpseudocount	5.0
/ExonModel/etpseudocount	3
/ExonModel/etorder	2
/Constant/intterm_coding_len	5
/ExonModel/slope_of_bandwidth	0.3
/ExonModel/minwindowcount	10
/IGenicModel/patpseudocount	5.0
/IntronModel/patpseudocount	5.0
/IntronModel/slope_of_bandwidth	0.4
/IntronModel/minwindowcount	4
/IntronModel/asspseudocount	0.00266
/IntronModel/dsspseudocount	0.0005
/IntronModel/dssneighborfactor	0.00173
/ExonModel/minPatSum	233.3
/Constant/probNinCoding	0.23
/Constant/decomp_num_steps	1
Writing new parameters to /opt/Augustus/config/species/calle_chr3/calle_chr3_parameters.cfg...
bucket 6 2 8 7 5 4 1 3 
found improvement: 0.9148, 0.8939, 0.5799, 0.5740, 0.1470, 0.1316, -1.00, -1.00, optimal target: 0.6325
changing /Constant/init_coding_len to 4
/Constant/dss_end	3
/Constant/dss_start	3
/Constant/ass_start	3
/Constant/ass_end	2
/Constant/ass_upwindow_size	13
/IntronModel/d	950
/IntronModel/ass_motif_memory	3
/IntronModel/ass_motif_radius	3
/ExonModel/tis_motif_memory	0
/ExonModel/tis_motif_radius	1
/Constant/trans_init_window	10
/Constant/init_coding_len	4
/ExonModel/patpseudocount	5.0
/ExonModel/etpseudocount	3
/ExonModel/etorder	2
/Constant/intterm_coding_len	5
/ExonModel/slope_of_bandwidth	0.3
/ExonModel/minwindowcount	10
/IGenicModel/patpseudocount	5.0
/IntronModel/patpseudocount	5.0
/IntronModel/slope_of_bandwidth	0.4
/IntronModel/minwindowcount	4
/IntronModel/asspseudocount	0.00266
/IntronModel/dsspseudocount	0.0005
/IntronModel/dssneighborfactor	0.00173
/ExonModel/minPatSum	233.3
/Constant/probNinCoding	0.23
/Constant/decomp_num_steps	1
Writing new parameters to /opt/Augustus/config/species/calle_chr3/calle_chr3_parameters.cfg...
bucket 6 2 7 8 5 4 1 3 
bucket 2 6 8 7 5 4 1 3 
bucket 6 2 7 5 8 4 1 3 
values  0	4	9	13	18
targets 0.6302	0.6325	0.6270	0.6298	0.6306
/Constant/init_coding_len: checking values 1	2	4	6	8
bucket 6 2 8 4 7 5 1 3 
bucket 2 7 5 6 4 8 1 3 
retrieve accuracy from previous computation
bucket 6 2 7 4 8 5 1 3 
bucket 2 6 7 5 8 4 1 3 
values  1	2	4	6	8
targets 0.6295	0.6296	0.6325	0.6324	0.6269
improving parameter /ExonModel/patpseudocount curently set to 5.0
0.5-5
/ExonModel/patpseudocount: checking values 0.5	1.625	2.75	3.875	5
bucket 6 7 5 8 2 4 3 1 
bucket 6 8 4 2 7 5 3 1 
bucket 6 2 7 8 4 5 1 3 
bucket 6 2 7 8 5 4 1 3 
bucket 6 2 7 8 5 4 1 3 
values  0.5	1.625	2.75	3.875	5
targets 0.6282	0.6260	0.6307	0.6321	0.6325
improving parameter /ExonModel/etpseudocount curently set to 3
0-10
/ExonModel/etpseudocount: checking values 0	2	5	7	10
bucket 6 2 8 5 7 4 1 3 
bucket 6 2 7 5 8 4 1 3 
bucket 6 2 7 8 5 4 1 3 
bucket 6 2 5 8 7 1 4 3 
bucket 6 2 8 7 4 5 1 3 
values  0	2	5	7	10
targets 0.6325	0.6325	0.6325	0.6325	0.6325
improving parameter /ExonModel/etorder curently set to 2
0-3
/ExonModel/etorder: checking values 0	1	2	3
bucket 2 6 1 5 4 7 8 3 
bucket 7 2 6 8 5 3 4 1 
retrieve accuracy from previous computation
bucket 6 2 8 7 5 4 1 3 
values  0	1	2	3
targets 0.6325	0.6325	0.6325	0.6325
improving parameter /Constant/intterm_coding_len curently set to 5
0-13
/Constant/intterm_coding_len: checking values 0	3	6	9	13
bucket 6 2 5 7 4 8 1 3 
bucket 2 6 4 1 8 7 5 3 
bucket 6 2 8 7 4 5 1 3 
bucket 6 2 7 4 8 5 1 3 
bucket 6 5 2 8 7 4 1 3 
values  0	3	6	9	13
targets 0.6315	0.6314	0.6294	0.6258	0.6310
improving parameter /ExonModel/slope_of_bandwidth curently set to 0.3
0.05-0.6
/ExonModel/slope_of_bandwidth: checking values 0.05	0.1875	0.325	0.4625	0.6
bucket 6 2 5 7 8 4 1 3 
bucket 2 6 8 4 7 5 1 3 
bucket 6 2 8 7 4 5 1 3 
bucket 2 5 6 7 8 4 1 3 
found improvement: 0.9148, 0.8939, 0.5807, 0.5745, 0.1470, 0.1310, -1.00, -1.00, optimal target: 0.6327
changing /ExonModel/slope_of_bandwidth to 0.4625
/Constant/dss_end	3
/Constant/dss_start	3
/Constant/ass_start	3
/Constant/ass_end	2
/Constant/ass_upwindow_size	13
/IntronModel/d	950
/IntronModel/ass_motif_memory	3
/IntronModel/ass_motif_radius	3
/ExonModel/tis_motif_memory	0
/ExonModel/tis_motif_radius	1
/Constant/trans_init_window	10
/Constant/init_coding_len	4
/ExonModel/patpseudocount	5.0
/ExonModel/etpseudocount	3
/ExonModel/etorder	2
/Constant/intterm_coding_len	5
/ExonModel/slope_of_bandwidth	0.4625
/ExonModel/minwindowcount	10
/IGenicModel/patpseudocount	5.0
/IntronModel/patpseudocount	5.0
/IntronModel/slope_of_bandwidth	0.4
/IntronModel/minwindowcount	4
/IntronModel/asspseudocount	0.00266
/IntronModel/dsspseudocount	0.0005
/IntronModel/dssneighborfactor	0.00173
/ExonModel/minPatSum	233.3
/Constant/probNinCoding	0.23
/Constant/decomp_num_steps	1
Writing new parameters to /opt/Augustus/config/species/calle_chr3/calle_chr3_parameters.cfg...
bucket 6 2 8 7 4 5 1 3 
values  0.05	0.1875	0.325	0.4625	0.6
targets 0.6315	0.6318	0.6325	0.6327	0.6304
/ExonModel/slope_of_bandwidth: checking values 0.325	0.39375	0.4625	0.53125	0.6
retrieve accuracy from previous computation
bucket 6 2 5 4 7 8 1 3 
found improvement: 0.9149, 0.8942, 0.5812, 0.5756, 0.1470, 0.1310, -1.00, -1.00, optimal target: 0.6331
changing /ExonModel/slope_of_bandwidth to 0.39375
/Constant/dss_end	3
/Constant/dss_start	3
/Constant/ass_start	3
/Constant/ass_end	2
/Constant/ass_upwindow_size	13
/IntronModel/d	950
/IntronModel/ass_motif_memory	3
/IntronModel/ass_motif_radius	3
/ExonModel/tis_motif_memory	0
/ExonModel/tis_motif_radius	1
/Constant/trans_init_window	10
/Constant/init_coding_len	4
/ExonModel/patpseudocount	5.0
/ExonModel/etpseudocount	3
/ExonModel/etorder	2
/Constant/intterm_coding_len	5
/ExonModel/slope_of_bandwidth	0.39375
/ExonModel/minwindowcount	10
/IGenicModel/patpseudocount	5.0
/IntronModel/patpseudocount	5.0
/IntronModel/slope_of_bandwidth	0.4
/IntronModel/minwindowcount	4
/IntronModel/asspseudocount	0.00266
/IntronModel/dsspseudocount	0.0005
/IntronModel/dssneighborfactor	0.00173
/ExonModel/minPatSum	233.3
/Constant/probNinCoding	0.23
/Constant/decomp_num_steps	1
Writing new parameters to /opt/Augustus/config/species/calle_chr3/calle_chr3_parameters.cfg...
retrieve accuracy from previous computation
bucket 6 2 7 4 8 5 1 3 
retrieve accuracy from previous computation
values  0.325	0.39375	0.4625	0.53125	0.6
targets 0.6325	0.6331	0.6327	0.6324	0.6304
/ExonModel/slope_of_bandwidth: checking values 0.325	0.359375	0.39375	0.428125	0.4625
retrieve accuracy from previous computation
bucket 6 2 7 4 8 5 1 3 
retrieve accuracy from previous computation
bucket 6 2 7 8 4 5 1 3 
retrieve accuracy from previous computation
values  0.325	0.359375	0.39375	0.428125	0.4625
targets 0.6325	0.6326	0.6331	0.6327	0.6327
improving parameter /ExonModel/minwindowcount curently set to 10
1-15
/ExonModel/minwindowcount: checking values 1	4	8	11	15
bucket 6 2 5 4 7 8 1 3 
bucket 6 2 7 8 5 4 1 3 
bucket 6 2 8 7 4 5 1 3 
bucket 6 2 8 7 5 4 1 3 
bucket 6 2 5 8 7 4 1 3 
values  1	4	8	11	15
targets 0.6311	0.6309	0.6305	0.6326	0.6315
improving parameter /IGenicModel/patpseudocount curently set to 5.0
0.5-7
/IGenicModel/patpseudocount: checking values 0.5	2.125	3.75	5.375	7
bucket 8 4 6 2 3 1 7 5 
bucket 6 2 7 5 8 4 1 3 
bucket 6 2 7 4 8 5 1 3 
bucket 6 2 7 4 8 1 5 3 
bucket 6 2 7 8 4 5 1 3 
values  0.5	2.125	3.75	5.375	7
targets 0.6331	0.6331	0.6331	0.6331	0.6331
improving parameter /IntronModel/patpseudocount curently set to 5.0
0.5-7
/IntronModel/patpseudocount: checking values 0.5	2.125	3.75	5.375	7
bucket 6 2 7 8 5 4 1 3 
bucket 6 2 8 7 4 5 1 3 
bucket 2 6 5 8 7 1 4 3 
bucket 6 2 5 4 8 7 1 3 
bucket 6 2 7 4 5 8 1 3 
values  0.5	2.125	3.75	5.375	7
targets 0.6331	0.6331	0.6331	0.6331	0.6331
improving parameter /IntronModel/slope_of_bandwidth curently set to 0.4
0.05-0.6
/IntronModel/slope_of_bandwidth: checking values 0.05	0.1875	0.325	0.4625	0.6
bucket 8 5 6 2 1 4 7 3 
bucket 6 7 2 4 8 5 1 3 
bucket 6 2 7 4 5 8 1 3 
bucket 6 2 7 4 8 5 1 3 
found improvement: 0.9150, 0.8940, 0.5819, 0.5763, 0.1470, 0.1310, -1.00, -1.00, optimal target: 0.6334
changing /IntronModel/slope_of_bandwidth to 0.4625
/Constant/dss_end	3
/Constant/dss_start	3
/Constant/ass_start	3
/Constant/ass_end	2
/Constant/ass_upwindow_size	13
/IntronModel/d	950
/IntronModel/ass_motif_memory	3
/IntronModel/ass_motif_radius	3
/ExonModel/tis_motif_memory	0
/ExonModel/tis_motif_radius	1
/Constant/trans_init_window	10
/Constant/init_coding_len	4
/ExonModel/patpseudocount	5.0
/ExonModel/etpseudocount	3
/ExonModel/etorder	2
/Constant/intterm_coding_len	5
/ExonModel/slope_of_bandwidth	0.39375
/ExonModel/minwindowcount	10
/IGenicModel/patpseudocount	5.0
/IntronModel/patpseudocount	5.0
/IntronModel/slope_of_bandwidth	0.4625
/IntronModel/minwindowcount	4
/IntronModel/asspseudocount	0.00266
/IntronModel/dsspseudocount	0.0005
/IntronModel/dssneighborfactor	0.00173
/ExonModel/minPatSum	233.3
/Constant/probNinCoding	0.23
/Constant/decomp_num_steps	1
Writing new parameters to /opt/Augustus/config/species/calle_chr3/calle_chr3_parameters.cfg...
bucket 6 2 7 8 5 4 1 3 
values  0.05	0.1875	0.325	0.4625	0.6
targets 0.6321	0.6323	0.6327	0.6334	0.6311
/IntronModel/slope_of_bandwidth: checking values 0.325	0.39375	0.4625	0.53125	0.6
retrieve accuracy from previous computation
bucket 6 2 5 4 7 8 1 3 
retrieve accuracy from previous computation
bucket 6 7 5 2 4 1 8 3 
retrieve accuracy from previous computation
values  0.325	0.39375	0.4625	0.53125	0.6
targets 0.6327	0.6331	0.6334	0.6330	0.6311
improving parameter /IntronModel/minwindowcount curently set to 4
1-8
/IntronModel/minwindowcount: checking values 1	2	4	6	8
bucket 6 2 4 7 8 5 1 3 
bucket 6 4 2 7 5 8 1 3 
retrieve accuracy from previous computation
bucket 6 2 7 8 5 4 1 3 
bucket 6 2 7 8 5 4 1 3 
found improvement: 0.9151, 0.8942, 0.5819, 0.5783, 0.1504, 0.1332, -1.00, -1.00, optimal target: 0.6344
changing /IntronModel/minwindowcount to 8
/Constant/dss_end	3
/Constant/dss_start	3
/Constant/ass_start	3
/Constant/ass_end	2
/Constant/ass_upwindow_size	13
/IntronModel/d	950
/IntronModel/ass_motif_memory	3
/IntronModel/ass_motif_radius	3
/ExonModel/tis_motif_memory	0
/ExonModel/tis_motif_radius	1
/Constant/trans_init_window	10
/Constant/init_coding_len	4
/ExonModel/patpseudocount	5.0
/ExonModel/etpseudocount	3
/ExonModel/etorder	2
/Constant/intterm_coding_len	5
/ExonModel/slope_of_bandwidth	0.39375
/ExonModel/minwindowcount	10
/IGenicModel/patpseudocount	5.0
/IntronModel/patpseudocount	5.0
/IntronModel/slope_of_bandwidth	0.4625
/IntronModel/minwindowcount	8
/IntronModel/asspseudocount	0.00266
/IntronModel/dsspseudocount	0.0005
/IntronModel/dssneighborfactor	0.00173
/ExonModel/minPatSum	233.3
/Constant/probNinCoding	0.23
/Constant/decomp_num_steps	1
Writing new parameters to /opt/Augustus/config/species/calle_chr3/calle_chr3_parameters.cfg...
values  1	2	4	6	8
targets 0.6330	0.6330	0.6334	0.6333	0.6344
/IntronModel/minwindowcount: checking values 7	8
bucket 6 2 7 8 1 5 4 3 
retrieve accuracy from previous computation
values  7	8
targets 0.6335	0.6344
improving parameter /IntronModel/asspseudocount curently set to 0.00266
0.0005-0.03
/IntronModel/asspseudocount: checking values 0.0005	0.007875	0.01525	0.022625	0.03
bucket 6 2 7 4 8 5 1 3 
bucket 6 7 4 2 8 5 1 3 
found improvement: 0.9154, 0.8941, 0.5829, 0.5789, 0.1504, 0.1334, -1.00, -1.00, optimal target: 0.6347
changing /IntronModel/asspseudocount to 0.007875
/Constant/dss_end	3
/Constant/dss_start	3
/Constant/ass_start	3
/Constant/ass_end	2
/Constant/ass_upwindow_size	13
/IntronModel/d	950
/IntronModel/ass_motif_memory	3
/IntronModel/ass_motif_radius	3
/ExonModel/tis_motif_memory	0
/ExonModel/tis_motif_radius	1
/Constant/trans_init_window	10
/Constant/init_coding_len	4
/ExonModel/patpseudocount	5.0
/ExonModel/etpseudocount	3
/ExonModel/etorder	2
/Constant/intterm_coding_len	5
/ExonModel/slope_of_bandwidth	0.39375
/ExonModel/minwindowcount	10
/IGenicModel/patpseudocount	5.0
/IntronModel/patpseudocount	5.0
/IntronModel/slope_of_bandwidth	0.4625
/IntronModel/minwindowcount	8
/IntronModel/asspseudocount	0.007875
/IntronModel/dsspseudocount	0.0005
/IntronModel/dssneighborfactor	0.00173
/ExonModel/minPatSum	233.3
/Constant/probNinCoding	0.23
/Constant/decomp_num_steps	1
Writing new parameters to /opt/Augustus/config/species/calle_chr3/calle_chr3_parameters.cfg...
bucket 6 2 7 8 5 4 1 3 
found improvement: 0.9158, 0.8939, 0.5844, 0.5786, 0.1504, 0.1341, -1.00, -1.00, optimal target: 0.6351
changing /IntronModel/asspseudocount to 0.01525
/Constant/dss_end	3
/Constant/dss_start	3
/Constant/ass_start	3
/Constant/ass_end	2
/Constant/ass_upwindow_size	13
/IntronModel/d	950
/IntronModel/ass_motif_memory	3
/IntronModel/ass_motif_radius	3
/ExonModel/tis_motif_memory	0
/ExonModel/tis_motif_radius	1
/Constant/trans_init_window	10
/Constant/init_coding_len	4
/ExonModel/patpseudocount	5.0
/ExonModel/etpseudocount	3
/ExonModel/etorder	2
/Constant/intterm_coding_len	5
/ExonModel/slope_of_bandwidth	0.39375
/ExonModel/minwindowcount	10
/IGenicModel/patpseudocount	5.0
/IntronModel/patpseudocount	5.0
/IntronModel/slope_of_bandwidth	0.4625
/IntronModel/minwindowcount	8
/IntronModel/asspseudocount	0.01525
/IntronModel/dsspseudocount	0.0005
/IntronModel/dssneighborfactor	0.00173
/ExonModel/minPatSum	233.3
/Constant/probNinCoding	0.23
/Constant/decomp_num_steps	1
Writing new parameters to /opt/Augustus/config/species/calle_chr3/calle_chr3_parameters.cfg...
bucket 6 2 7 8 5 4 1 3 
bucket 6 2 4 5 8 7 1 3 
values  0.0005	0.007875	0.01525	0.022625	0.03
targets 0.6344	0.6347	0.6351	0.6341	0.6341
/IntronModel/asspseudocount: checking values 0.007875	0.0115625	0.01525	0.0189375	0.022625
retrieve accuracy from previous computation
bucket 6 2 4 7 5 8 1 3 
retrieve accuracy from previous computation
bucket 6 2 7 8 4 5 1 3 
retrieve accuracy from previous computation
values  0.007875	0.0115625	0.01525	0.0189375	0.022625
targets 0.6347	0.6346	0.6351	0.6346	0.6341
improving parameter /IntronModel/dsspseudocount curently set to 0.0005
0.0002-0.04
/IntronModel/dsspseudocount: checking values 0.0002	0.01015	0.0201	0.03005	0.04
bucket 2 7 1 6 8 4 5 3 
bucket 6 4 7 2 8 5 1 3 
bucket 6 2 7 8 5 1 4 3 
bucket 2 6 5 4 7 8 1 3 
bucket 6 2 7 4 8 5 1 3 
values  0.0002	0.01015	0.0201	0.03005	0.04
targets 0.6343	0.6344	0.6328	0.6325	0.6325
improving parameter /IntronModel/dssneighborfactor curently set to 0.00173
0.0001-0.01
/IntronModel/dssneighborfactor: checking values 0.0001	0.002575	0.00505	0.007525	0.01
bucket 6 2 4 8 7 5 1 3 
bucket 6 2 7 8 4 5 1 3 
bucket 6 2 4 7 8 5 1 3 
found improvement: 0.9176, 0.8935, 0.5853, 0.5782, 0.1502, 0.1339, -1.00, -1.00, optimal target: 0.6353
changing /IntronModel/dssneighborfactor to 0.00505
/Constant/dss_end	3
/Constant/dss_start	3
/Constant/ass_start	3
/Constant/ass_end	2
/Constant/ass_upwindow_size	13
/IntronModel/d	950
/IntronModel/ass_motif_memory	3
/IntronModel/ass_motif_radius	3
/ExonModel/tis_motif_memory	0
/ExonModel/tis_motif_radius	1
/Constant/trans_init_window	10
/Constant/init_coding_len	4
/ExonModel/patpseudocount	5.0
/ExonModel/etpseudocount	3
/ExonModel/etorder	2
/Constant/intterm_coding_len	5
/ExonModel/slope_of_bandwidth	0.39375
/ExonModel/minwindowcount	10
/IGenicModel/patpseudocount	5.0
/IntronModel/patpseudocount	5.0
/IntronModel/slope_of_bandwidth	0.4625
/IntronModel/minwindowcount	8
/IntronModel/asspseudocount	0.01525
/IntronModel/dsspseudocount	0.0005
/IntronModel/dssneighborfactor	0.00505
/ExonModel/minPatSum	233.3
/Constant/probNinCoding	0.23
/Constant/decomp_num_steps	1
Writing new parameters to /opt/Augustus/config/species/calle_chr3/calle_chr3_parameters.cfg...
bucket 6 2 4 7 8 1 5 3 
found improvement: 0.9180, 0.8924, 0.5881, 0.5796, 0.1536, 0.1368, -1.00, -1.00, optimal target: 0.6367
changing /IntronModel/dssneighborfactor to 0.007525
/Constant/dss_end	3
/Constant/dss_start	3
/Constant/ass_start	3
/Constant/ass_end	2
/Constant/ass_upwindow_size	13
/IntronModel/d	950
/IntronModel/ass_motif_memory	3
/IntronModel/ass_motif_radius	3
/ExonModel/tis_motif_memory	0
/ExonModel/tis_motif_radius	1
/Constant/trans_init_window	10
/Constant/init_coding_len	4
/ExonModel/patpseudocount	5.0
/ExonModel/etpseudocount	3
/ExonModel/etorder	2
/Constant/intterm_coding_len	5
/ExonModel/slope_of_bandwidth	0.39375
/ExonModel/minwindowcount	10
/IGenicModel/patpseudocount	5.0
/IntronModel/patpseudocount	5.0
/IntronModel/slope_of_bandwidth	0.4625
/IntronModel/minwindowcount	8
/IntronModel/asspseudocount	0.01525
/IntronModel/dsspseudocount	0.0005
/IntronModel/dssneighborfactor	0.007525
/ExonModel/minPatSum	233.3
/Constant/probNinCoding	0.23
/Constant/decomp_num_steps	1
Writing new parameters to /opt/Augustus/config/species/calle_chr3/calle_chr3_parameters.cfg...
bucket 6 5 8 2 7 4 1 3 
values  0.0001	0.002575	0.00505	0.007525	0.01
targets 0.6276	0.6340	0.6353	0.6367	0.6342
/IntronModel/dssneighborfactor: checking values 0.00505	0.0062875	0.007525	0.0087625	0.01
retrieve accuracy from previous computation
bucket 6 2 5 7 8 4 1 3 
retrieve accuracy from previous computation
bucket 6 2 5 7 8 4 1 3 
retrieve accuracy from previous computation
values  0.00505	0.0062875	0.007525	0.0087625	0.01
targets 0.6353	0.6367	0.6367	0.6362	0.6342
improving parameter /ExonModel/minPatSum curently set to 233.3
100-600
/ExonModel/minPatSum: checking values 100	225	350	475	600
bucket 6 2 7 8 5 4 1 3 
bucket 6 2 7 8 4 5 1 3 
bucket 6 2 5 4 7 8 1 3 
bucket 4 5 6 2 1 7 8 3 
bucket 6 2 7 8 4 5 1 3 
values  100	225	350	475	600
targets 0.6359	0.6367	0.6367	0.6367	0.6367
improving parameter /Constant/probNinCoding curently set to 0.23
0.15-.25
/Constant/probNinCoding: checking values 0.15	0.175	0.2	0.225	0.25
bucket 6 2 7 5 8 4 1 3 
bucket 6 2 7 8 5 4 1 3 
bucket 6 2 5 7 8 4 1 3 
bucket 6 2 7 8 5 4 1 3 
bucket 6 5 8 4 2 7 1 3 
values  0.15	0.175	0.2	0.225	0.25
targets 0.6367	0.6367	0.6367	0.6367	0.6367
improving parameter /Constant/decomp_num_steps curently set to 1
1-5
/Constant/decomp_num_steps: checking values 1	2	3	4	5
retrieve accuracy from previous computation
bucket 6 7 2 8 5 4 1 3 
bucket 6 2 5 7 8 4 1 3 
bucket 2 8 6 3 7 5 4 1 
bucket 2 7 1 6 4 8 5 3 
values  1	2	3	4	5
targets 0.6367	0.6285	0.6269	0.6272	0.6276
improving parameter /Constant/dss_end curently set to 3
1-4
/Constant/dss_end: checking values 1	2	3	4
bucket 6 7 2 1 8 4 5 3 
bucket 6 2 5 4 7 8 1 3 
retrieve accuracy from previous computation
bucket 6 2 7 4 5 8 1 3 
values  1	2	3	4
targets 0.5989	0.6070	0.6367	0.6328
improving parameter /Constant/dss_start curently set to 3
1-3
/Constant/dss_start: checking values 1	2	3
bucket 6 2 4 8 7 1 5 3 
bucket 2 6 7 8 4 5 1 3 
retrieve accuracy from previous computation
values  1	2	3
targets 0.6243	0.6294	0.6367
improving parameter /Constant/ass_start curently set to 3
1-3
/Constant/ass_start: checking values 1	2	3
bucket 6 2 5 7 4 8 1 3 
bucket 6 2 8 7 5 4 1 3 
retrieve accuracy from previous computation
values  1	2	3
targets 0.6227	0.6276	0.6367
improving parameter /Constant/ass_end curently set to 2
0-4
/Constant/ass_end: checking values 0	1	2	3	4
bucket 6 7 2 5 4 8 1 3 
bucket 2 6 7 4 8 5 1 3 
retrieve accuracy from previous computation
bucket 6 2 7 5 8 4 1 3 
bucket 6 2 7 5 8 1 4 3 
values  0	1	2	3	4
targets 0.6238	0.6342	0.6367	0.6192	0.5915
improving parameter /Constant/ass_upwindow_size curently set to 13
1-50
/Constant/ass_upwindow_size: checking values 1	13	25	37	50
bucket 6 2 7 8 4 5 1 3 
retrieve accuracy from previous computation
bucket 6 2 7 5 8 4 1 3 
bucket 6 7 2 8 4 1 3 5 
bucket 6 2 7 4 8 5 1 3 
values  1	13	25	37	50
targets 0.5934	0.6367	0.6299	0.6202	0.6142
improving parameter /IntronModel/d curently set to 950
100-950
/IntronModel/d: checking values 100	312	525	737	950
bucket 6 2 4 8 7 5 1 3 
bucket 6 2 8 7 4 5 1 3 
bucket 4 1 6 3 2 7 8 5 
bucket 6 8 5 2 7 4 3 1 
retrieve accuracy from previous computation
values  100	312	525	737	950
targets 0.6172	0.6313	0.6327	0.6340	0.6367
improving parameter /IntronModel/ass_motif_memory curently set to 3
0-3
/IntronModel/ass_motif_memory: checking values 0	1	2	3
bucket 6 2 7 5 4 8 1 3 
bucket 6 2 4 7 5 8 3 1 
bucket 6 2 4 7 8 5 1 3 
retrieve accuracy from previous computation
values  0	1	2	3
targets 0.6169	0.6287	0.6335	0.6367
improving parameter /IntronModel/ass_motif_radius curently set to 3
0-4
/IntronModel/ass_motif_radius: checking values 0	1	2	3	4
bucket 6 4 2 5 7 8 1 3 
bucket 6 2 7 5 8 1 4 3 
bucket 6 2 8 7 5 4 1 3 