#**********************************************************************************
#                               BRAKER CONFIGURATION                               
#**********************************************************************************
# BRAKER CALL: /sw/arch/eb/software/BRAKER/3.0.8-foss-2024a/scripts/braker.pl --genome=analyses/02_assembly/chr3/polishing/polished_chr3.fasta --bam=analyses/05_expression/mapping/merged/rna_all.sorted.bam --species=chr3_moss --softmasking --threads=4 --workingdir=analyses/03_annotation/braker_chr3
# Sun Apr 19 15:00:37 2026: braker.pl version 3.0.8
# Sun Apr 19 15:00:37 2026: Only RNA-Seq input detected, BRAKER will be executed in ET mode (BRAKER1).
# Sun Apr 19 15:00:37 2026: Configuring of BRAKER for using external tools...
# Sun Apr 19 15:00:37 2026: Trying to set $AUGUSTUS_CONFIG_PATH...
# Sun Apr 19 15:00:37 2026: Found environment variable $AUGUSTUS_CONFIG_PATH.
# Sun Apr 19 15:00:37 2026: Checking /home/calle30/augustus_config as potential path for $AUGUSTUS_CONFIG_PATH.
# Sun Apr 19 15:00:37 2026: Success! Setting $AUGUSTUS_CONFIG_PATH to /home/calle30/augustus_config!
# Sun Apr 19 15:00:37 2026: Trying to set $AUGUSTUS_BIN_PATH...
# Sun Apr 19 15:00:37 2026: Found environment variable $AUGUSTUS_BIN_PATH.
# Sun Apr 19 15:00:37 2026: Checking /sw/arch/eb/software/AUGUSTUS/3.5.0-gfbf-2024a/bin as potential path for $AUGUSTUS_BIN_PATH.
# Sun Apr 19 15:00:37 2026: Success! Setting $AUGUSTUS_BIN_PATH to /sw/arch/eb/software/AUGUSTUS/3.5.0-gfbf-2024a/bin!
# Sun Apr 19 15:00:37 2026: Trying to set $AUGUSTUS_SCRIPTS_PATH...
# Sun Apr 19 15:00:37 2026: Found environment variable $AUGUSTUS_SCRIPTS_PATH.
# Sun Apr 19 15:00:37 2026: Checking /sw/arch/eb/software/AUGUSTUS/3.5.0-gfbf-2024a/scripts as potential path for $AUGUSTUS_SCRIPTS_PATH.
# Sun Apr 19 15:00:37 2026: Success! Setting $AUGUSTUS_SCRIPTS_PATH to /sw/arch/eb/software/AUGUSTUS/3.5.0-gfbf-2024a/scripts!
# Sun Apr 19 15:00:37 2026: Trying to set $PYTHON3_PATH...
# Sun Apr 19 15:00:37 2026: Did not find environment variable $PYTHON3_PATH.
# Sun Apr 19 15:00:37 2026: Trying to guess PYTHON3_PATH from location of python3 executable that is available in your $PATH
# Sun Apr 19 15:00:37 2026: Checking /sw/arch/eb/software/Python/3.12.3-GCCcore-13.3.0/bin as potential path for $PYTHON3_PATH.
# Sun Apr 19 15:00:37 2026: Success! Setting $PYTHON3_PATH to /sw/arch/eb/software/Python/3.12.3-GCCcore-13.3.0/bin!
# Sun Apr 19 15:00:37 2026: Trying to set $GENEMARK_PATH...
# Sun Apr 19 15:00:37 2026: Found environment variable $GENEMARK_PATH.
# Sun Apr 19 15:00:37 2026: Checking /sw/arch/eb/software/GeneMark-ET/4.72-GCCcore-13.3.0 as potential path for $GENEMARK_PATH.
# Sun Apr 19 15:00:37 2026: Success! Setting $GENEMARK_PATH to /sw/arch/eb/software/GeneMark-ET/4.72-GCCcore-13.3.0!
# Sun Apr 19 15:00:37 2026: Trying to set $BAMTOOLS_PATH...
# Sun Apr 19 15:00:37 2026: Did not find environment variable $BAMTOOLS_PATH.
# Sun Apr 19 15:00:37 2026: Trying to guess BAMTOOLS_PATH from location of bamtools executable that is available in your $PATH
# Sun Apr 19 15:00:37 2026: Checking /sw/arch/eb/software/BamTools/2.5.2-GCC-13.3.0/bin as potential path for $BAMTOOLS_PATH.
# Sun Apr 19 15:00:37 2026: Success! Setting $BAMTOOLS_PATH to /sw/arch/eb/software/BamTools/2.5.2-GCC-13.3.0/bin!
# Sun Apr 19 15:00:37 2026: Trying to set $SAMTOOLS_PATH...
# Sun Apr 19 15:00:37 2026: Did not find environment variable $SAMTOOLS_PATH.
# Sun Apr 19 15:00:37 2026: Trying to guess SAMTOOLS_PATH from location of samtools executable that is available in your $PATH
# Sun Apr 19 15:00:37 2026: Checking /sw/arch/eb/software/SAMtools/1.21-GCC-13.3.0/bin as potential path for $SAMTOOLS_PATH.
# Sun Apr 19 15:00:37 2026: Success! Setting $SAMTOOLS_PATH to /sw/arch/eb/software/SAMtools/1.21-GCC-13.3.0/bin!
# Sun Apr 19 15:00:37 2026: Trying to set $DIAMOND_PATH...
# Sun Apr 19 15:00:37 2026: Did not find environment variable $DIAMOND_PATH.
# Sun Apr 19 15:00:37 2026: Trying to guess DIAMOND_PATH from location of diamond executable that is available in your $PATH
# Sun Apr 19 15:00:37 2026: Checking /sw/arch/eb/software/DIAMOND/2.1.11-GCC-13.3.0/bin as potential path for $DIAMOND_PATH.
# Sun Apr 19 15:00:37 2026: Success! Setting $DIAMOND_PATH to /sw/arch/eb/software/DIAMOND/2.1.11-GCC-13.3.0/bin!
# Sun Apr 19 15:00:37 2026: Trying to set $TSEBRA_PATH...
# Sun Apr 19 15:00:37 2026: Did not find environment variable $TSEBRA_PATH.
# Sun Apr 19 15:00:37 2026: Trying to guess TSEBRA_PATH from location of tsebra.py executable that is available in your $PATH
# Sun Apr 19 15:00:37 2026: Checking /sw/arch/eb/software/TSEBRA/1.1.2.5-gfbf-2024a/bin as potential path for $TSEBRA_PATH.
# Sun Apr 19 15:00:37 2026: Success! Setting $TSEBRA_PATH to /sw/arch/eb/software/TSEBRA/1.1.2.5-gfbf-2024a/bin!
# Sun Apr 19 15:00:37 2026: Trying to set $CDBTOOLS_PATH...
# Sun Apr 19 15:00:37 2026: Did not find environment variable $CDBTOOLS_PATH.
# Sun Apr 19 15:00:37 2026: Trying to guess CDBTOOLS_PATH from location of cdbfasta executable that is available in your $PATH
# Sun Apr 19 15:00:37 2026: Checking /sw/arch/eb/software/CDBtools/0.99-GCC-13.3.0/bin as potential path for $CDBTOOLS_PATH.
# Sun Apr 19 15:00:37 2026: Success! Setting $CDBTOOLS_PATH to /sw/arch/eb/software/CDBtools/0.99-GCC-13.3.0/bin!
#**********************************************************************************
#                               CREATING DIRECTORY STRUCTURE                       
#**********************************************************************************
# Sun Apr 19 15:00:37 2026: creating file that contains citations for this BRAKER run at /gorilla/home/calle30/genome-analysis-moss/analyses/03_annotation/braker_chr3/what-to-cite.txt...
# Sun Apr 19 15:00:37 2026: create working directory /gorilla/home/calle30/genome-analysis-moss/analyses/03_annotation/braker_chr3/GeneMark-ET.
mkdir /gorilla/home/calle30/genome-analysis-moss/analyses/03_annotation/braker_chr3/GeneMark-ET
# Sun Apr 19 15:00:37 2026: create working directory /gorilla/home/calle30/genome-analysis-moss/analyses/03_annotation/braker_chr3/species
mkdir /gorilla/home/calle30/genome-analysis-moss/analyses/03_annotation/braker_chr3/species
# Sun Apr 19 15:00:37 2026: create working directory /gorilla/home/calle30/genome-analysis-moss/analyses/03_annotation/braker_chr3/errors
mkdir /gorilla/home/calle30/genome-analysis-moss/analyses/03_annotation/braker_chr3/errors
# Sun Apr 19 15:00:38 2026: changing into working directory /gorilla/home/calle30/genome-analysis-moss/analyses/03_annotation/braker_chr3
cd /gorilla/home/calle30/genome-analysis-moss/analyses/03_annotation/braker_chr3
# Sun Apr 19 15:00:38 2026: getting GC content of the genome
/sw/arch/eb/software/BRAKER/3.0.8-foss-2024a/scripts/get_gc_content.py --sequences /gorilla/home/calle30/genome-analysis-moss/analyses/02_assembly/chr3/polishing/polished_chr3.fasta --print_sequence_length 1> /gorilla/home/calle30/genome-analysis-moss/analyses/03_annotation/braker_chr3/gc_content.out 2> /gorilla/home/calle30/genome-analysis-moss/analyses/03_annotation/braker_chr3/errors/gc_content.stderr
# Sun Apr 19 15:00:38 2026: Creating parameter template files for AUGUSTUS with new_species.pl
# Sun Apr 19 15:00:38 2026: new_species.pl will create parameter files for species chr3_moss in /home/calle30/augustus_config/species/chr3_moss
/sw/arch/eb/software/Perl/5.38.2-GCCcore-13.3.0/bin/perl /sw/arch/eb/software/AUGUSTUS/3.5.0-gfbf-2024a/scripts/new_species.pl --species=chr3_moss --AUGUSTUS_CONFIG_PATH=/home/calle30/augustus_config 1> /dev/null 2>/gorilla/home/calle30/genome-analysis-moss/analyses/03_annotation/braker_chr3/errors/new_species.stderr
# Sun Apr 19 15:00:39 2026: check_fasta_headers(): Checking fasta headers of file /gorilla/home/calle30/genome-analysis-moss/analyses/02_assembly/chr3/polishing/polished_chr3.fasta
#**********************************************************************************
#                               PROCESSING HINTS                                   
#**********************************************************************************
# Sun Apr 19 15:00:39 2026: Converting bam files to hints
# Sun Apr 19 15:00:39 2026: Checking bam headers
# Sun Apr 19 15:00:39 2026: create header file /gorilla/home/calle30/genome-analysis-moss/analyses/03_annotation/braker_chr3/rna_all_header.sam
/sw/arch/eb/software/BamTools/2.5.2-GCC-13.3.0/bin/bamtools header -in /gorilla/home/calle30/genome-analysis-moss/analyses/05_expression/mapping/merged/rna_all.sorted.bam > /gorilla/home/calle30/genome-analysis-moss/analyses/03_annotation/braker_chr3/rna_all_header.sam
# Sun Apr 19 15:00:39 2026: Deleting SAM header file /gorilla/home/calle30/genome-analysis-moss/analyses/03_annotation/braker_chr3/rna_all_header.sam (will not be needed from here on)
# Sun Apr 19 15:00:39 2026: Deleting /gorilla/home/calle30/genome-analysis-moss/analyses/03_annotation/braker_chr3/rna_all_new_header.sam
# Sun Apr 19 15:00:39 2026: make hints from BAM file /gorilla/home/calle30/genome-analysis-moss/analyses/05_expression/mapping/merged/rna_all.sorted.bam
/sw/arch/eb/software/AUGUSTUS/3.5.0-gfbf-2024a/bin/bam2hints --intronsonly --in=/gorilla/home/calle30/genome-analysis-moss/analyses/05_expression/mapping/merged/rna_all.sorted.bam --out=/gorilla/home/calle30/genome-analysis-moss/analyses/03_annotation/braker_chr3/bam2hints.temp.0.gff 1> /gorilla/home/calle30/genome-analysis-moss/analyses/03_annotation/braker_chr3/errors/bam2hints.0.stdout 2>/gorilla/home/calle30/genome-analysis-moss/analyses/03_annotation/braker_chr3/errors/bam2hints.0.stderr
# Sun Apr 19 15:07:33 2026: add hints from BAM file /gorilla/home/calle30/genome-analysis-moss/analyses/05_expression/mapping/merged/rna_all.sorted.bam to hints file
cat /gorilla/home/calle30/genome-analysis-moss/analyses/03_annotation/braker_chr3/bam2hints.temp.0.gff >>/gorilla/home/calle30/genome-analysis-moss/analyses/03_annotation/braker_chr3/hintsfile.temp.gff
# Sun Apr 19 15:07:33 2026: Checking for hints of src=C and with grp tags that should not be joined according to multiplicity
# Sun Apr 19 15:07:33 2026: Joining hints that are identical (& from the same source) into multiplicity hints (input file /gorilla/home/calle30/genome-analysis-moss/analyses/03_annotation/braker_chr3/tmp_merge_hints.gff)
# Sun Apr 19 15:07:33 2026: sort hints of type rnaseq
cat /gorilla/home/calle30/genome-analysis-moss/analyses/03_annotation/braker_chr3/tmp_merge_hints.gff | sort -n -k 4,4 | sort -s -n -k 5,5 | sort -s -n -k 3,3 | sort -s -k 1,1 >/gorilla/home/calle30/genome-analysis-moss/analyses/03_annotation/braker_chr3/hints.rnaseq.temp.sort.gff
# Sun Apr 19 15:07:34 2026: join multiple hints
/sw/arch/eb/software/Perl/5.38.2-GCCcore-13.3.0/bin/perl /sw/arch/eb/software/AUGUSTUS/3.5.0-gfbf-2024a/scripts/join_mult_hints.pl </gorilla/home/calle30/genome-analysis-moss/analyses/03_annotation/braker_chr3/hints.rnaseq.temp.sort.gff >/gorilla/home/calle30/genome-analysis-moss/analyses/03_annotation/braker_chr3/tmp_merge_hints.gff 2>/gorilla/home/calle30/genome-analysis-moss/analyses/03_annotation/braker_chr3/errors/join_mult_hints.rnaseq.stderr
mv /gorilla/home/calle30/genome-analysis-moss/analyses/03_annotation/braker_chr3/tmp_merge_hints.gff /gorilla/home/calle30/genome-analysis-moss/analyses/03_annotation/braker_chr3/hintsfile.temp.gff
# Sun Apr 19 15:07:34 2026: filter introns, find strand and change score to 'mult' entry
/sw/arch/eb/software/Perl/5.38.2-GCCcore-13.3.0/bin/perl /sw/arch/eb/software/BRAKER/3.0.8-foss-2024a/scripts/filterIntronsFindStrand.pl /gorilla/home/calle30/genome-analysis-moss/analyses/03_annotation/braker_chr3/genome.fa /gorilla/home/calle30/genome-analysis-moss/analyses/03_annotation/braker_chr3/hintsfile.temp.gff --score 1>>/gorilla/home/calle30/genome-analysis-moss/analyses/03_annotation/braker_chr3/hintsfile.gff 2>/gorilla/home/calle30/genome-analysis-moss/analyses/03_annotation/braker_chr3/errors/filterIntronsFindStrand.stderr
# Sun Apr 19 15:07:34 2026: rm /gorilla/home/calle30/genome-analysis-moss/analyses/03_annotation/braker_chr3/hintsfile.temp.gff
# Sun Apr 19 15:07:34 2026: Preparing hints for running GeneMark
# Sun Apr 19 15:07:34 2026: Filtering intron hints for GeneMark from /gorilla/home/calle30/genome-analysis-moss/analyses/03_annotation/braker_chr3/hintsfile.gff...
cat /gorilla/home/calle30/genome-analysis-moss/analyses/03_annotation/braker_chr3/genemark_hintsfile.gff.rnaseq | sort -n -k 4,4 | sort -s -n -k 5,5 | sort -s -k 3,3 | sort -s -k 1,1 | /sw/arch/eb/software/AUGUSTUS/3.5.0-gfbf-2024a/scripts/join_mult_hints.pl > /gorilla/home/calle30/genome-analysis-moss/analyses/03_annotation/braker_chr3/genemark_hintsfile.gff.rnaseq.tmp
mv /gorilla/home/calle30/genome-analysis-moss/analyses/03_annotation/braker_chr3/genemark_hintsfile.gff.rnaseq.tmp /gorilla/home/calle30/genome-analysis-moss/analyses/03_annotation/braker_chr3/genemark_hintsfile.gff
#**********************************************************************************
#                              RUNNING GENEMARK-EX                                 
#**********************************************************************************
# Sun Apr 19 15:07:34 2026: Checking whether file /gorilla/home/calle30/genome-analysis-moss/analyses/03_annotation/braker_chr3/genemark_hintsfile.gff contains enough hints and sufficient multiplicity information...
# Sun Apr 19 15:07:34 2026: Executing GeneMark-ET
# Sun Apr 19 15:07:34 2026: changing into GeneMark-ET directory /gorilla/home/calle30/genome-analysis-moss/analyses/03_annotation/braker_chr3/GeneMark-ET
cd /gorilla/home/calle30/genome-analysis-moss/analyses/03_annotation/braker_chr3/GeneMark-ET
# Sun Apr 19 15:07:34 2026: Executing gmes_petap.pl
/sw/arch/eb/software/Perl/5.38.2-GCCcore-13.3.0/bin/perl /sw/arch/eb/software/GeneMark-ET/4.72-GCCcore-13.3.0/gmes_petap.pl --verbose --sequence=/gorilla/home/calle30/genome-analysis-moss/analyses/03_annotation/braker_chr3/genome.fa --ET=/gorilla/home/calle30/genome-analysis-moss/analyses/03_annotation/braker_chr3/genemark_hintsfile.gff --cores=4 --gc_donor 0.001 1>/gorilla/home/calle30/genome-analysis-moss/analyses/03_annotation/braker_chr3/GeneMark-ET.stdout 2>/gorilla/home/calle30/genome-analysis-moss/analyses/03_annotation/braker_chr3/errors/GeneMark-ET.stderr
