diamond v2.0.15.153 (C) Max Planck Society for the Advancement of Science
Documentation, support and updates available at http://www.diamondsearch.org
Please cite: http://dx.doi.org/10.1038/s41592-021-01101-x Nature Methods (2021)

#CPU threads: 4
Scoring parameters: (Matrix=BLOSUM62 Lambda=0.267 K=0.041 Penalties=11/1)
Database input file: /home/calle30/genome-analysis-moss/analyses/03_annotation/braker3_chr3/braker_output/traingenes.good.fa.nonreddb
Opening the database file...  [0.001s]
Loading sequences...  [0.003s]
Masking sequences...  [0.051s]
Writing sequences...  [0s]
Hashing sequences...  [0s]
Loading sequences...  [0s]
Writing trailer...  [0s]
Closing the input file...  [0s]
Closing the database file...  [0s]

Database sequences  2362
  Database letters  1119728
     Database hash  f0fba7f227afbdfa6905a0f7c7356dc1
        Total time  0.058000s
diamond v2.0.15.153 (C) Max Planck Society for the Advancement of Science
Documentation, support and updates available at http://www.diamondsearch.org
Please cite: http://dx.doi.org/10.1038/s41592-021-01101-x Nature Methods (2021)

#CPU threads: 4
Scoring parameters: (Matrix=BLOSUM62 Lambda=0.267 K=0.041 Penalties=11/1)
Temporary directory: /home/calle30/genome-analysis-moss/analyses/03_annotation/braker3_chr3/braker_output
#Target sequences to report alignments for: 25
Opening the database...  [0.001s]
Database: /home/calle30/genome-analysis-moss/analyses/03_annotation/braker3_chr3/braker_output/traingenes.good.fa.nonreddb.dmnd (type: Diamond database, sequences: 2362, letters: 1119728)
Block size = 2000000000
Opening the input file...  [0s]
Opening the output file...  [0s]
Loading query sequences...  [0.002s]
Masking queries...  [0.068s]
Algorithm: Double-indexed
Building query histograms...  [0.024s]
Allocating buffers...  [0s]
Loading reference sequences...  [0.001s]
Masking reference...  [0.067s]
Initializing temporary storage...  [0.004s]
Building reference histograms...  [0.018s]
Allocating buffers...  [0s]
Processing query block 1, reference block 1/1, shape 1/2, index chunk 1/4.
Building reference seed array...  [0.009s]
Building query seed array...  [0.008s]
Computing hash join...  [0.002s]
Masking low complexity seeds...  [0.003s]
Searching alignments...  [0.057s]
Processing query block 1, reference block 1/1, shape 1/2, index chunk 2/4.
Building reference seed array...  [0.005s]
Building query seed array...  [0.005s]
Computing hash join...  [0.002s]
Masking low complexity seeds...  [0.003s]
Searching alignments...  [0.037s]
Processing query block 1, reference block 1/1, shape 1/2, index chunk 3/4.
Building reference seed array...  [0.005s]
Building query seed array...  [0.006s]
Computing hash join...  [0.002s]
Masking low complexity seeds...  [0.005s]
Searching alignments...  [0.07s]
Processing query block 1, reference block 1/1, shape 1/2, index chunk 4/4.
Building reference seed array...  [0.009s]
Building query seed array...  [0.009s]
Computing hash join...  [0.003s]
Masking low complexity seeds...  [0.005s]
Searching alignments...  [0.064s]
Processing query block 1, reference block 1/1, shape 2/2, index chunk 1/4.
Building reference seed array...  [0.009s]
Building query seed array...  [0.009s]
Computing hash join...  [0.003s]
Masking low complexity seeds...  [0.005s]
Searching alignments...  [0.075s]
Processing query block 1, reference block 1/1, shape 2/2, index chunk 2/4.
Building reference seed array...  [0.011s]
Building query seed array...  [0.01s]
Computing hash join...  [0.004s]
Masking low complexity seeds...  [0.005s]
Searching alignments...  [0.07s]
Processing query block 1, reference block 1/1, shape 2/2, index chunk 3/4.
Building reference seed array...  [0.011s]
Building query seed array...  [0.011s]
Computing hash join...  [0.002s]
Masking low complexity seeds...  [0.003s]
Searching alignments...  [0.039s]
Processing query block 1, reference block 1/1, shape 2/2, index chunk 4/4.
Building reference seed array...  [0.008s]
Building query seed array...  [0.008s]
Computing hash join...  [0.002s]
Masking low complexity seeds...  [0.003s]
Searching alignments...  [0.038s]
Deallocating buffers...  [0s]
Clearing query masking...  [0s]
Computing alignments...  [0.821s]
Deallocating reference...  [0s]
Loading reference sequences...  [0s]
Deallocating buffers...  [0s]
Deallocating queries...  [0s]
Loading query sequences...  [0s]
Closing the input file...  [0s]
Closing the output file...  [0.025s]
Cleaning up...  [0s]
Total time = 1.807s
Reported 13241 pairwise alignments, 13241 HSPs.
2362 queries aligned.
